<?xml version="1.0" encoding="UTF-8"?>
<testsuite name="jrails.ModelTest" tests="5" skipped="0" failures="0" errors="0" timestamp="2022-11-15T14:56:08" hostname="pengMac.local" time="0.005">
  <properties/>
  <testcase name="test_find" classname="jrails.ModelTest" time="0.004"/>
  <testcase name="test_save" classname="jrails.ModelTest" time="0.0"/>
  <testcase name="test_all" classname="jrails.ModelTest" time="0.001"/>
  <testcase name="id" classname="jrails.ModelTest" time="0.0"/>
  <testcase name="test_reset" classname="jrails.ModelTest" time="0.0"/>
  <system-out><![CDATA[]]></system-out>
  <system-err><![CDATA[]]></system-err>
</testsuite>
