<?xml version="1.0" encoding="UTF-8"?>
<testsuite name="jrails.HtmlTest" tests="19" skipped="0" failures="0" errors="0" timestamp="2022-11-15T14:56:08" hostname="pengMac.local" time="0.012">
  <properties/>
  <testcase name="test_br" classname="jrails.HtmlTest" time="0.0"/>
  <testcase name="test_h1" classname="jrails.HtmlTest" time="0.005"/>
  <testcase name="test_td" classname="jrails.HtmlTest" time="0.0"/>
  <testcase name="test_th" classname="jrails.HtmlTest" time="0.0"/>
  <testcase name="test_tr" classname="jrails.HtmlTest" time="0.0"/>
  <testcase name="test_form" classname="jrails.HtmlTest" time="0.002"/>
  <testcase name="test_div" classname="jrails.HtmlTest" time="0.0"/>
  <testcase name="test_seq" classname="jrails.HtmlTest" time="0.0"/>
  <testcase name="test_p" classname="jrails.HtmlTest" time="0.0"/>
  <testcase name="test_t" classname="jrails.HtmlTest" time="0.0"/>
  <testcase name="test_linkto" classname="jrails.HtmlTest" time="0.0"/>
  <testcase name="test_strong" classname="jrails.HtmlTest" time="0.001"/>
  <testcase name="test_submit" classname="jrails.HtmlTest" time="0.0"/>
  <testcase name="empty" classname="jrails.HtmlTest" time="0.001"/>
  <testcase name="test_toString" classname="jrails.HtmlTest" time="0.0"/>
  <testcase name="test_textarea" classname="jrails.HtmlTest" time="0.0"/>
  <testcase name="test_table" classname="jrails.HtmlTest" time="0.001"/>
  <testcase name="test_tbody" classname="jrails.HtmlTest" time="0.0"/>
  <testcase name="test_thead" classname="jrails.HtmlTest" time="0.0"/>
  <system-out><![CDATA[]]></system-out>
  <system-err><![CDATA[]]></system-err>
</testsuite>
